
ROM used:   1031/8192 (13%)
            1031/8192 (13%) including unused fragments

            0.9 Average locations per line
            9.7 Average locations per statement

RAM used:   11/368 (3%) at main() level
            28/368 (8%) worst case

Stack used: 5 worst case (5 in main + 0 for interrupts)
Stack size: 8

Lines Stmts  %   Files
----- ----- ---  -----
   41    22  21  main.c
  661     0   0  C:\Program Files (x86)\PICC\Devices\16f877a.h
  456    84  79  C:\Program Files (x86)\PICC\Drivers\lcd.c
----- -----
 1158   106 Total

Page ROM  %  RAM   Vol Diff  Functions:
---- --- --- ---   --- ----  ----------
0     21   2    1             @delay_ms1
0      8   1    0             @const629
 Inline         3   596  5.9  lcd_read_byte
0      6   1    0    59  4.2  lcd_read_nibble
0     12   1    1   179  3.3  lcd_send_nibble
0     64   6    3   460  4.7  lcd_send_byte
0     51   5    2   667  5.9  lcd_init
0     18   2    4   208  6.3  lcd_gotoxy
0     44   4    1   354  4.7  lcd_putc
0    183  18    2   606  4.6  MAIN
0      7   1    0             @const664
0     92   9    4             @PSTRINGC7_647
0      7   1    0             @const666
0      8   1    0             @const667
0     23   2    5             @MUL1616
0     31   3    2             @ITOF
0    204  20   14             @DIVFF
0     33   3    4             @SFTOI
0     15   1    0             @const678
0    101  10    5             @PSTRINGCN7_647
0     99  10    9             @PRINTF_LU_647
 Inline         0             @cinit1

Program metrics:
    Functions               8
    Statements              106
    Comments                210
    Volume (V)              4772
    Difficulty (D)          36.5
    Effort to implement (E) 174364
    Time to implement (T)   2 hours, 41 minutes
    Est Delivered Bugs (B)  1
    Cyclomatic Complexity   8
    Maintainability (MI)    146

 Segment     Used  Free
-----------  ----  ----
00000-00003     4  0  
00004-007FF  1027  1017  
00800-00FFF     0  2048  
01000-017FF     0  2048  
01800-01FFF     0  2048  



